  main.cpp
c:\users\rssh9\downloads\圖學作業一\as01_framework\as01_framework\hw1_vs2017_framework\openglframework-vs2017\main.cpp(25): warning C4305: '正在初始化': 從 'double' 轉換為 'float'，是由較大的類型轉換為較小的類型，可能導致資料遺失
c:\users\rssh9\downloads\圖學作業一\as01_framework\as01_framework\hw1_vs2017_framework\openglframework-vs2017\main.cpp(305): warning C4305: '正在初始化': 從 'double' 轉換為 'GLfloat'，是由較大的類型轉換為較小的類型，可能導致資料遺失
c:\users\rssh9\downloads\圖學作業一\as01_framework\as01_framework\hw1_vs2017_framework\openglframework-vs2017\main.cpp(312): warning C4305: '正在初始化': 從 'double' 轉換為 'GLfloat'，是由較大的類型轉換為較小的類型，可能導致資料遺失
c:\users\rssh9\downloads\圖學作業一\as01_framework\as01_framework\hw1_vs2017_framework\openglframework-vs2017\main.cpp(463): warning C4244: '引數': 將 'double' 轉換為 'float'，由於類型不同，可能導致資料遺失
c:\users\rssh9\downloads\圖學作業一\as01_framework\as01_framework\hw1_vs2017_framework\openglframework-vs2017\main.cpp(466): warning C4244: '引數': 將 'double' 轉換為 'float'，由於類型不同，可能導致資料遺失
c:\users\rssh9\downloads\圖學作業一\as01_framework\as01_framework\hw1_vs2017_framework\openglframework-vs2017\main.cpp(469): warning C4244: '引數': 將 'double' 轉換為 'float'，由於類型不同，可能導致資料遺失
c:\users\rssh9\downloads\圖學作業一\as01_framework\as01_framework\hw1_vs2017_framework\openglframework-vs2017\main.cpp(472): warning C4244: '引數': 將 'double' 轉換為 'float'，由於類型不同，可能導致資料遺失
c:\users\rssh9\downloads\圖學作業一\as01_framework\as01_framework\hw1_vs2017_framework\openglframework-vs2017\main.cpp(476): warning C4244: '引數': 將 'double' 轉換為 'float'，由於類型不同，可能導致資料遺失
c:\users\rssh9\downloads\圖學作業一\as01_framework\as01_framework\hw1_vs2017_framework\openglframework-vs2017\main.cpp(480): warning C4244: '引數': 將 'double' 轉換為 'float'，由於類型不同，可能導致資料遺失
c:\users\rssh9\downloads\圖學作業一\as01_framework\as01_framework\hw1_vs2017_framework\openglframework-vs2017\main.cpp(499): warning C4244: '引數': 將 'double' 轉換為 'float'，由於類型不同，可能導致資料遺失
c:\users\rssh9\downloads\圖學作業一\as01_framework\as01_framework\hw1_vs2017_framework\openglframework-vs2017\main.cpp(503): warning C4244: '引數': 將 'double' 轉換為 'float'，由於類型不同，可能導致資料遺失
c:\users\rssh9\downloads\圖學作業一\as01_framework\as01_framework\hw1_vs2017_framework\openglframework-vs2017\main.cpp(507): warning C4244: '引數': 將 'double' 轉換為 'float'，由於類型不同，可能導致資料遺失
c:\users\rssh9\downloads\圖學作業一\as01_framework\as01_framework\hw1_vs2017_framework\openglframework-vs2017\main.cpp(511): warning C4244: '引數': 將 'double' 轉換為 'float'，由於類型不同，可能導致資料遺失
c:\users\rssh9\downloads\圖學作業一\as01_framework\as01_framework\hw1_vs2017_framework\openglframework-vs2017\main.cpp(516): warning C4244: '引數': 將 'double' 轉換為 'float'，由於類型不同，可能導致資料遺失
c:\users\rssh9\downloads\圖學作業一\as01_framework\as01_framework\hw1_vs2017_framework\openglframework-vs2017\main.cpp(521): warning C4244: '引數': 將 'double' 轉換為 'float'，由於類型不同，可能導致資料遺失
c:\users\rssh9\downloads\圖學作業一\as01_framework\as01_framework\hw1_vs2017_framework\openglframework-vs2017\main.cpp(742): warning C4477: 'printf' : 格式字串 '%d' 需要 'int' 類型的引數，但 variadic 引數 1 的類型為 'unsigned __int64'
  c:\users\rssh9\downloads\圖學作業一\as01_framework\as01_framework\hw1_vs2017_framework\openglframework-vs2017\main.cpp(742): note: 請考慮在格式字串中使用 '%zd'
c:\users\rssh9\downloads\圖學作業一\as01_framework\as01_framework\hw1_vs2017_framework\openglframework-vs2017\main.cpp(742): warning C4477: 'printf' : 格式字串 '%d' 需要 'int' 類型的引數，但 variadic 引數 2 的類型為 'unsigned __int64'
  c:\users\rssh9\downloads\圖學作業一\as01_framework\as01_framework\hw1_vs2017_framework\openglframework-vs2017\main.cpp(742): note: 請考慮在格式字串中使用 '%zd'
c:\users\rssh9\downloads\圖學作業一\as01_framework\as01_framework\hw1_vs2017_framework\openglframework-vs2017\main.cpp(754): warning C4267: '=': 將 'size_t' 轉換為 'int'，資料可能遺失
c:\users\rssh9\downloads\圖學作業一\as01_framework\as01_framework\hw1_vs2017_framework\openglframework-vs2017\main.cpp(779): warning C4305: '=': 從 'double' 轉換為 'GLfloat'，是由較大的類型轉換為較小的類型，可能導致資料遺失
c:\users\rssh9\downloads\圖學作業一\as01_framework\as01_framework\hw1_vs2017_framework\openglframework-vs2017\main.cpp(799): warning C4305: '引數': 從 'double' 轉換為 'GLfloat'，是由較大的類型轉換為較小的類型，可能導致資料遺失
  OpenGLFramework-VS2017.vcxproj -> C:\Users\rssh9\Downloads\圖學作業一\AS01_Framework\AS01_Framework\HW1_VS2017_Framework\x64\Debug\OpenGLFramework-VS2017.exe
