  main.cpp
c:\users\rssh9\downloads\圖學作業二\as02_framework\as02_framework\hw2_vs2017_framework\openglframework-vs2017\main.cpp(457): warning C4244: '引數': 將 'GLfloat' 轉換為 'GLsizei'，由於類型不同，可能導致資料遺失
c:\users\rssh9\downloads\圖學作業二\as02_framework\as02_framework\hw2_vs2017_framework\openglframework-vs2017\main.cpp(462): warning C4244: '引數': 將 'GLfloat' 轉換為 'GLsizei'，由於類型不同，可能導致資料遺失
c:\users\rssh9\downloads\圖學作業二\as02_framework\as02_framework\hw2_vs2017_framework\openglframework-vs2017\main.cpp(462): warning C4244: '引數': 將 'GLfloat' 轉換為 'GLint'，由於類型不同，可能導致資料遺失
c:\users\rssh9\downloads\圖學作業二\as02_framework\as02_framework\hw2_vs2017_framework\openglframework-vs2017\main.cpp(520): warning C4305: '正在初始化': 從 'double' 轉換為 'float'，是由較大的類型轉換為較小的類型，可能導致資料遺失
c:\users\rssh9\downloads\圖學作業二\as02_framework\as02_framework\hw2_vs2017_framework\openglframework-vs2017\main.cpp(524): warning C4244: '引數': 將 'double' 轉換為 'float'，由於類型不同，可能導致資料遺失
c:\users\rssh9\downloads\圖學作業二\as02_framework\as02_framework\hw2_vs2017_framework\openglframework-vs2017\main.cpp(527): warning C4244: '引數': 將 'double' 轉換為 'float'，由於類型不同，可能導致資料遺失
c:\users\rssh9\downloads\圖學作業二\as02_framework\as02_framework\hw2_vs2017_framework\openglframework-vs2017\main.cpp(530): warning C4244: '引數': 將 'double' 轉換為 'float'，由於類型不同，可能導致資料遺失
c:\users\rssh9\downloads\圖學作業二\as02_framework\as02_framework\hw2_vs2017_framework\openglframework-vs2017\main.cpp(540): warning C4244: '引數': 將 'double' 轉換為 'float'，由於類型不同，可能導致資料遺失
c:\users\rssh9\downloads\圖學作業二\as02_framework\as02_framework\hw2_vs2017_framework\openglframework-vs2017\main.cpp(543): warning C4244: '引數': 將 'double' 轉換為 'float'，由於類型不同，可能導致資料遺失
c:\users\rssh9\downloads\圖學作業二\as02_framework\as02_framework\hw2_vs2017_framework\openglframework-vs2017\main.cpp(546): warning C4244: '+=': 將 'double' 轉換為 'GLint'，由於類型不同，可能導致資料遺失
c:\users\rssh9\downloads\圖學作業二\as02_framework\as02_framework\hw2_vs2017_framework\openglframework-vs2017\main.cpp(551): warning C4244: '+=': 將 'double' 轉換為 'GLint'，由於類型不同，可能導致資料遺失
c:\users\rssh9\downloads\圖學作業二\as02_framework\as02_framework\hw2_vs2017_framework\openglframework-vs2017\main.cpp(565): warning C4305: '正在初始化': 從 'double' 轉換為 'float'，是由較大的類型轉換為較小的類型，可能導致資料遺失
c:\users\rssh9\downloads\圖學作業二\as02_framework\as02_framework\hw2_vs2017_framework\openglframework-vs2017\main.cpp(572): warning C4244: '引數': 將 'double' 轉換為 'float'，由於類型不同，可能導致資料遺失
c:\users\rssh9\downloads\圖學作業二\as02_framework\as02_framework\hw2_vs2017_framework\openglframework-vs2017\main.cpp(576): warning C4244: '引數': 將 'double' 轉換為 'float'，由於類型不同，可能導致資料遺失
c:\users\rssh9\downloads\圖學作業二\as02_framework\as02_framework\hw2_vs2017_framework\openglframework-vs2017\main.cpp(580): warning C4244: '引數': 將 'double' 轉換為 'float'，由於類型不同，可能導致資料遺失
c:\users\rssh9\downloads\圖學作業二\as02_framework\as02_framework\hw2_vs2017_framework\openglframework-vs2017\main.cpp(591): warning C4244: '引數': 將 'double' 轉換為 'float'，由於類型不同，可能導致資料遺失
c:\users\rssh9\downloads\圖學作業二\as02_framework\as02_framework\hw2_vs2017_framework\openglframework-vs2017\main.cpp(595): warning C4244: '引數': 將 'double' 轉換為 'float'，由於類型不同，可能導致資料遺失
c:\users\rssh9\downloads\圖學作業二\as02_framework\as02_framework\hw2_vs2017_framework\openglframework-vs2017\main.cpp(599): warning C4244: '引數': 將 'double' 轉換為 'float'，由於類型不同，可能導致資料遺失
c:\users\rssh9\downloads\圖學作業二\as02_framework\as02_framework\hw2_vs2017_framework\openglframework-vs2017\main.cpp(854): warning C4477: 'printf' : 格式字串 '%d' 需要 'int' 類型的引數，但 variadic 引數 1 的類型為 'unsigned __int64'
  c:\users\rssh9\downloads\圖學作業二\as02_framework\as02_framework\hw2_vs2017_framework\openglframework-vs2017\main.cpp(854): note: 請考慮在格式字串中使用 '%zd'
c:\users\rssh9\downloads\圖學作業二\as02_framework\as02_framework\hw2_vs2017_framework\openglframework-vs2017\main.cpp(854): warning C4477: 'printf' : 格式字串 '%d' 需要 'int' 類型的引數，但 variadic 引數 2 的類型為 'unsigned __int64'
  c:\users\rssh9\downloads\圖學作業二\as02_framework\as02_framework\hw2_vs2017_framework\openglframework-vs2017\main.cpp(854): note: 請考慮在格式字串中使用 '%zd'
c:\users\rssh9\downloads\圖學作業二\as02_framework\as02_framework\hw2_vs2017_framework\openglframework-vs2017\main.cpp(884): warning C4267: '=': 將 'size_t' 轉換為 'int'，資料可能遺失
c:\users\rssh9\downloads\圖學作業二\as02_framework\as02_framework\hw2_vs2017_framework\openglframework-vs2017\main.cpp(916): warning C4305: '=': 從 'double' 轉換為 'GLfloat'，是由較大的類型轉換為較小的類型，可能導致資料遺失
c:\users\rssh9\downloads\圖學作業二\as02_framework\as02_framework\hw2_vs2017_framework\openglframework-vs2017\main.cpp(953): warning C4305: '引數': 從 'double' 轉換為 'GLfloat'，是由較大的類型轉換為較小的類型，可能導致資料遺失
  OpenGLFramework-VS2017.vcxproj -> C:\Users\rssh9\Downloads\圖學作業二\AS02_Framework\AS02_Framework\HW2_VS2017_Framework\x64\Debug\OpenGLFramework-VS2017.exe
