  glad.c
  main.cpp
c:\users\rssh9\downloads\圖學作業全\圖學作業三\as03_framework\openglframework-vs2017\openglframework-vs2017\main.cpp(357): warning C4244: '引數': 將 'double' 轉換為 'float'，由於類型不同，可能導致資料遺失
c:\users\rssh9\downloads\圖學作業全\圖學作業三\as03_framework\openglframework-vs2017\openglframework-vs2017\main.cpp(516): warning C4267: '=': 將 'size_t' 轉換為 'int'，資料可能遺失
c:\users\rssh9\downloads\圖學作業全\圖學作業三\as03_framework\openglframework-vs2017\openglframework-vs2017\main.cpp(594): warning C4305: '正在初始化': 從 'double' 轉換為 'float'，是由較大的類型轉換為較小的類型，可能導致資料遺失
c:\users\rssh9\downloads\圖學作業全\圖學作業三\as03_framework\openglframework-vs2017\openglframework-vs2017\main.cpp(598): warning C4244: '-=': 將 'double' 轉換為 'float'，由於類型不同，可能導致資料遺失
c:\users\rssh9\downloads\圖學作業全\圖學作業三\as03_framework\openglframework-vs2017\openglframework-vs2017\main.cpp(603): warning C4244: '+=': 將 'double' 轉換為 'float'，由於類型不同，可能導致資料遺失
c:\users\rssh9\downloads\圖學作業全\圖學作業三\as03_framework\openglframework-vs2017\openglframework-vs2017\main.cpp(608): warning C4244: '+=': 將 'double' 轉換為 'float'，由於類型不同，可能導致資料遺失
c:\users\rssh9\downloads\圖學作業全\圖學作業三\as03_framework\openglframework-vs2017\openglframework-vs2017\main.cpp(613): warning C4244: '+=': 將 'double' 轉換為 'float'，由於類型不同，可能導致資料遺失
c:\users\rssh9\downloads\圖學作業全\圖學作業三\as03_framework\openglframework-vs2017\openglframework-vs2017\main.cpp(616): warning C4244: '+=': 將 'double' 轉換為 'float'，由於類型不同，可能導致資料遺失
c:\users\rssh9\downloads\圖學作業全\圖學作業三\as03_framework\openglframework-vs2017\openglframework-vs2017\main.cpp(619): warning C4244: '+=': 將 'double' 轉換為 'float'，由於類型不同，可能導致資料遺失
c:\users\rssh9\downloads\圖學作業全\圖學作業三\as03_framework\openglframework-vs2017\openglframework-vs2017\main.cpp(627): warning C4244: '引數': 將 'double' 轉換為 'float'，由於類型不同，可能導致資料遺失
c:\users\rssh9\downloads\圖學作業全\圖學作業三\as03_framework\openglframework-vs2017\openglframework-vs2017\main.cpp(630): warning C4244: '引數': 將 'double' 轉換為 'float'，由於類型不同，可能導致資料遺失
c:\users\rssh9\downloads\圖學作業全\圖學作業三\as03_framework\openglframework-vs2017\openglframework-vs2017\main.cpp(633): warning C4244: '+=': 將 'double' 轉換為 'GLint'，由於類型不同，可能導致資料遺失
c:\users\rssh9\downloads\圖學作業全\圖學作業三\as03_framework\openglframework-vs2017\openglframework-vs2017\main.cpp(638): warning C4244: '+=': 將 'double' 轉換為 'GLint'，由於類型不同，可能導致資料遺失
c:\users\rssh9\downloads\圖學作業全\圖學作業三\as03_framework\openglframework-vs2017\openglframework-vs2017\main.cpp(657): warning C4305: '正在初始化': 從 'double' 轉換為 'float'，是由較大的類型轉換為較小的類型，可能導致資料遺失
c:\users\rssh9\downloads\圖學作業全\圖學作業三\as03_framework\openglframework-vs2017\openglframework-vs2017\main.cpp(665): warning C4244: '正在初始化': 將 'int' 轉換為 'float'，由於類型不同，可能導致資料遺失
c:\users\rssh9\downloads\圖學作業全\圖學作業三\as03_framework\openglframework-vs2017\openglframework-vs2017\main.cpp(666): warning C4244: '正在初始化': 將 'int' 轉換為 'float'，由於類型不同，可能導致資料遺失
c:\users\rssh9\downloads\圖學作業全\圖學作業三\as03_framework\openglframework-vs2017\openglframework-vs2017\main.cpp(673): warning C4244: '+=': 將 'double' 轉換為 'float'，由於類型不同，可能導致資料遺失
c:\users\rssh9\downloads\圖學作業全\圖學作業三\as03_framework\openglframework-vs2017\openglframework-vs2017\main.cpp(674): warning C4244: '+=': 將 'double' 轉換為 'float'，由於類型不同，可能導致資料遺失
c:\users\rssh9\downloads\圖學作業全\圖學作業三\as03_framework\openglframework-vs2017\openglframework-vs2017\main.cpp(679): warning C4244: '+=': 將 'double' 轉換為 'float'，由於類型不同，可能導致資料遺失
c:\users\rssh9\downloads\圖學作業全\圖學作業三\as03_framework\openglframework-vs2017\openglframework-vs2017\main.cpp(680): warning C4244: '-=': 將 'double' 轉換為 'float'，由於類型不同，可能導致資料遺失
c:\users\rssh9\downloads\圖學作業全\圖學作業三\as03_framework\openglframework-vs2017\openglframework-vs2017\main.cpp(685): warning C4244: '+=': 將 'double' 轉換為 'float'，由於類型不同，可能導致資料遺失
c:\users\rssh9\downloads\圖學作業全\圖學作業三\as03_framework\openglframework-vs2017\openglframework-vs2017\main.cpp(686): warning C4244: '+=': 將 'double' 轉換為 'float'，由於類型不同，可能導致資料遺失
c:\users\rssh9\downloads\圖學作業全\圖學作業三\as03_framework\openglframework-vs2017\openglframework-vs2017\main.cpp(691): warning C4244: '+=': 將 'double' 轉換為 'float'，由於類型不同，可能導致資料遺失
c:\users\rssh9\downloads\圖學作業全\圖學作業三\as03_framework\openglframework-vs2017\openglframework-vs2017\main.cpp(692): warning C4244: '+=': 將 'double' 轉換為 'float'，由於類型不同，可能導致資料遺失
c:\users\rssh9\downloads\圖學作業全\圖學作業三\as03_framework\openglframework-vs2017\openglframework-vs2017\main.cpp(695): warning C4244: '+=': 將 'double' 轉換為 'float'，由於類型不同，可能導致資料遺失
c:\users\rssh9\downloads\圖學作業全\圖學作業三\as03_framework\openglframework-vs2017\openglframework-vs2017\main.cpp(696): warning C4244: '+=': 將 'double' 轉換為 'float'，由於類型不同，可能導致資料遺失
c:\users\rssh9\downloads\圖學作業全\圖學作業三\as03_framework\openglframework-vs2017\openglframework-vs2017\main.cpp(699): warning C4244: '+=': 將 'double' 轉換為 'float'，由於類型不同，可能導致資料遺失
c:\users\rssh9\downloads\圖學作業全\圖學作業三\as03_framework\openglframework-vs2017\openglframework-vs2017\main.cpp(700): warning C4244: '+=': 將 'double' 轉換為 'float'，由於類型不同，可能導致資料遺失
c:\users\rssh9\downloads\圖學作業全\圖學作業三\as03_framework\openglframework-vs2017\openglframework-vs2017\main.cpp(993): warning C4267: '=': 將 'size_t' 轉換為 'int'，資料可能遺失
c:\users\rssh9\downloads\圖學作業全\圖學作業三\as03_framework\openglframework-vs2017\openglframework-vs2017\main.cpp(1059): warning C4477: 'printf' : 格式字串 '%d' 需要 'int' 類型的引數，但 variadic 引數 1 的類型為 'unsigned __int64'
  c:\users\rssh9\downloads\圖學作業全\圖學作業三\as03_framework\openglframework-vs2017\openglframework-vs2017\main.cpp(1059): note: 請考慮在格式字串中使用 '%zd'
c:\users\rssh9\downloads\圖學作業全\圖學作業三\as03_framework\openglframework-vs2017\openglframework-vs2017\main.cpp(1059): warning C4477: 'printf' : 格式字串 '%d' 需要 'int' 類型的引數，但 variadic 引數 2 的類型為 'unsigned __int64'
  c:\users\rssh9\downloads\圖學作業全\圖學作業三\as03_framework\openglframework-vs2017\openglframework-vs2017\main.cpp(1059): note: 請考慮在格式字串中使用 '%zd'
c:\users\rssh9\downloads\圖學作業全\圖學作業三\as03_framework\openglframework-vs2017\openglframework-vs2017\main.cpp(1112): warning C4305: '=': 從 'double' 轉換為 'GLfloat'，是由較大的類型轉換為較小的類型，可能導致資料遺失
c:\users\rssh9\downloads\圖學作業全\圖學作業三\as03_framework\openglframework-vs2017\openglframework-vs2017\main.cpp(1176): warning C4305: '引數': 從 'double' 轉換為 'GLfloat'，是由較大的類型轉換為較小的類型，可能導致資料遺失
  textfile.cpp
c:\users\rssh9\downloads\圖學作業全\圖學作業三\as03_framework\openglframework-vs2017\openglframework-vs2017\textfile.cpp(23): warning C4267: '=': 將 'size_t' 轉換為 'int'，資料可能遺失
  正在產生程式碼...
LINK : warning LNK4098: 預設的程式庫 'MSVCRT' 與其他使用的程式庫衝突，請使用 /NODEFAULTLIB:library
  OpenGLFramework-VS2017.vcxproj -> C:\Users\rssh9\Downloads\圖學作業全\圖學作業三\AS03_Framework\OpenGLFramework-VS2017\x64\Debug\OpenGLFramework-VS2017.exe
